<?xml version="1.0" encoding="UTF-8"?>
<testng-results skipped="0" failed="0" total="1" passed="1">
  <reporter-output>
  </reporter-output>
  <suite name="Default suite" duration-ms="8802" started-at="2015-10-09T13:44:00Z" finished-at="2015-10-09T13:44:09Z">
    <groups>
    </groups>
    <test name="Default test" duration-ms="8802" started-at="2015-10-09T13:44:00Z" finished-at="2015-10-09T13:44:09Z">
      <class name="Tests">
        <test-method status="PASS" signature="LoginNoPass()[pri:0, instance:Tests@4c203ea1]" name="LoginNoPass" duration-ms="8783" started-at="2015-10-09T16:44:00Z" finished-at="2015-10-09T16:44:09Z">
          <reporter-output>
          </reporter-output>
        </test-method> <!-- LoginNoPass -->
      </class> <!-- Tests -->
    </test> <!-- Default test -->
  </suite> <!-- Default suite -->
</testng-results>
